<testsuites id="" name="" tests="124" failures="122" skipped="0" errors="0" time="18.58749">
<testsuite name="accessibility.spec.ts" timestamp="2025-09-25T18:38:26.520Z" hostname="chromium" tests="2" failures="2" skipped="0" time="0.009" errors="0">
<testcase name="Accessibility › should not have any automatically detectable accessibility issues on the login page" classname="accessibility.spec.ts" time="0.004">
<failure message="accessibility.spec.ts:5:3 should not have any automatically detectable accessibility issues on the login page" type="FAILURE">
<![CDATA[  [chromium] › accessibility.spec.ts:5:3 › Accessibility › should not have any automatically detectable accessibility issues on the login page 

    Error: browserType.launch: 
    ╔══════════════════════════════════════════════════════╗
    ║ Host system is missing dependencies to run browsers. ║
    ║ Please install them with the following command:      ║
    ║                                                      ║
    ║     sudo pnpm exec playwright install-deps           ║
    ║                                                      ║
    ║ Alternatively, use apt:                              ║
    ║     sudo apt-get install libatk1.0-0\                ║
    ║         libatk-bridge2.0-0\                          ║
    ║         libatspi2.0-0\                               ║
    ║         libxdamage1\                                 ║
    ║         libgbm1\                                     ║
    ║         libxkbcommon0                                ║
    ║                                                      ║
    ║ <3 Playwright Team                                   ║
    ╚══════════════════════════════════════════════════════╝

    Retry #1 ───────────────────────────────────────────────────────────────────────────────────────

    Error: browserType.launch: 
    ╔══════════════════════════════════════════════════════╗
    ║ Host system is missing dependencies to run browsers. ║
    ║ Please install them with the following command:      ║
    ║                                                      ║
    ║     sudo pnpm exec playwright install-deps           ║
    ║                                                      ║
    ║ Alternatively, use apt:                              ║
    ║     sudo apt-get install libatk1.0-0\                ║
    ║         libatk-bridge2.0-0\                          ║
    ║         libatspi2.0-0\                               ║
    ║         libxdamage1\                                 ║
    ║         libgbm1\                                     ║
    ║         libxkbcommon0                                ║
    ║                                                      ║
    ║ <3 Playwright Team                                   ║
    ╚══════════════════════════════════════════════════════╝

    attachment #1: trace (application/zip) ─────────────────────────────────────────────────────────
    ../../test-results/accessibility-Accessibilit-6812f-ty-issues-on-the-login-page-chromium-retry1/trace.zip
    Usage:

        pnpm exec playwright show-trace ../../test-results/accessibility-Accessibilit-6812f-ty-issues-on-the-login-page-chromium-retry1/trace.zip

    ────────────────────────────────────────────────────────────────────────────────────────────────
]]>
</failure>
<system-out>
<![CDATA[
[[ATTACHMENT|accessibility-Accessibilit-6812f-ty-issues-on-the-login-page-chromium-retry1/trace.zip]]
]]>
</system-out>
</testcase>
<testcase name="Accessibility › should not have any automatically detectable accessibility issues on the chat page" classname="accessibility.spec.ts" time="0.005">
<failure message="accessibility.spec.ts:13:3 should not have any automatically detectable accessibility issues on the chat page" type="FAILURE">
<![CDATA[  [chromium] › accessibility.spec.ts:13:3 › Accessibility › should not have any automatically detectable accessibility issues on the chat page 

    Error: browserType.launch: 
    ╔══════════════════════════════════════════════════════╗
    ║ Host system is missing dependencies to run browsers. ║
    ║ Please install them with the following command:      ║
    ║                                                      ║
    ║     sudo pnpm exec playwright install-deps           ║
    ║                                                      ║
    ║ Alternatively, use apt:                              ║
    ║     sudo apt-get install libatk1.0-0\                ║
    ║         libatk-bridge2.0-0\                          ║
    ║         libatspi2.0-0\                               ║
    ║         libxdamage1\                                 ║
    ║         libgbm1\                                     ║
    ║         libxkbcommon0                                ║
    ║                                                      ║
    ║ <3 Playwright Team                                   ║
    ╚══════════════════════════════════════════════════════╝

    Retry #1 ───────────────────────────────────────────────────────────────────────────────────────

    Error: browserType.launch: 
    ╔══════════════════════════════════════════════════════╗
    ║ Host system is missing dependencies to run browsers. ║
    ║ Please install them with the following command:      ║
    ║                                                      ║
    ║     sudo pnpm exec playwright install-deps           ║
    ║                                                      ║
    ║ Alternatively, use apt:                              ║
    ║     sudo apt-get install libatk1.0-0\                ║
    ║         libatk-bridge2.0-0\                          ║
    ║         libatspi2.0-0\                               ║
    ║         libxdamage1\                                 ║
    ║         libgbm1\                                     ║
    ║         libxkbcommon0                                ║
    ║                                                      ║
    ║ <3 Playwright Team                                   ║
    ╚══════════════════════════════════════════════════════╝

    attachment #1: trace (application/zip) ─────────────────────────────────────────────────────────
    ../../test-results/accessibility-Accessibilit-e7374-ity-issues-on-the-chat-page-chromium-retry1/trace.zip
    Usage:

        pnpm exec playwright show-trace ../../test-results/accessibility-Accessibilit-e7374-ity-issues-on-the-chat-page-chromium-retry1/trace.zip

    ────────────────────────────────────────────────────────────────────────────────────────────────
]]>
</failure>
<system-out>
<![CDATA[
[[ATTACHMENT|accessibility-Accessibilit-e7374-ity-issues-on-the-chat-page-chromium-retry1/trace.zip]]
]]>
</system-out>
</testcase>
</testsuite>
<testsuite name="api.spec.ts" timestamp="2025-09-25T18:38:26.520Z" hostname="chromium" tests="8" failures="8" skipped="0" time="0.066" errors="0">
<testcase name="API Integration Tests › should return healthy status from health endpoint" classname="api.spec.ts" time="0.008">
<failure message="api.spec.ts:4:3 should return healthy status from health endpoint" type="FAILURE">
<![CDATA[  [chromium] › api.spec.ts:4:3 › API Integration Tests › should return healthy status from health endpoint 

    Error: ENOENT: no such file or directory, open 'playwright/.auth/user.json'

    Retry #1 ───────────────────────────────────────────────────────────────────────────────────────

    Error: ENOENT: no such file or directory, open 'playwright/.auth/user.json'

    attachment #1: trace (application/zip) ─────────────────────────────────────────────────────────
    ../../test-results/api-API-Integration-Tests--acae2-status-from-health-endpoint-chromium-retry1/trace.zip
    Usage:

        pnpm exec playwright show-trace ../../test-results/api-API-Integration-Tests--acae2-status-from-health-endpoint-chromium-retry1/trace.zip

    ────────────────────────────────────────────────────────────────────────────────────────────────
]]>
</failure>
<system-out>
<![CDATA[
[[ATTACHMENT|api-API-Integration-Tests--acae2-status-from-health-endpoint-chromium-retry1/trace.zip]]
]]>
</system-out>
</testcase>
<testcase name="API Integration Tests › should require authentication for protected endpoints" classname="api.spec.ts" time="0.007">
<failure message="api.spec.ts:13:3 should require authentication for protected endpoints" type="FAILURE">
<![CDATA[  [chromium] › api.spec.ts:13:3 › API Integration Tests › should require authentication for protected endpoints 

    Error: ENOENT: no such file or directory, open 'playwright/.auth/user.json'

    Retry #1 ───────────────────────────────────────────────────────────────────────────────────────

    Error: ENOENT: no such file or directory, open 'playwright/.auth/user.json'

    attachment #1: trace (application/zip) ─────────────────────────────────────────────────────────
    ../../test-results/api-API-Integration-Tests--ab3a2-ion-for-protected-endpoints-chromium-retry1/trace.zip
    Usage:

        pnpm exec playwright show-trace ../../test-results/api-API-Integration-Tests--ab3a2-ion-for-protected-endpoints-chromium-retry1/trace.zip

    ────────────────────────────────────────────────────────────────────────────────────────────────
]]>
</failure>
<system-out>
<![CDATA[
[[ATTACHMENT|api-API-Integration-Tests--ab3a2-ion-for-protected-endpoints-chromium-retry1/trace.zip]]
]]>
</system-out>
</testcase>
<testcase name="API Integration Tests › should authenticate with demo credentials" classname="api.spec.ts" time="0.012">
<failure message="api.spec.ts:18:3 should authenticate with demo credentials" type="FAILURE">
<![CDATA[  [chromium] › api.spec.ts:18:3 › API Integration Tests › should authenticate with demo credentials 

    Error: ENOENT: no such file or directory, open 'playwright/.auth/user.json'

    Retry #1 ───────────────────────────────────────────────────────────────────────────────────────

    Error: ENOENT: no such file or directory, open 'playwright/.auth/user.json'

    attachment #1: trace (application/zip) ─────────────────────────────────────────────────────────
    ../../test-results/api-API-Integration-Tests--e1576-icate-with-demo-credentials-chromium-retry1/trace.zip
    Usage:

        pnpm exec playwright show-trace ../../test-results/api-API-Integration-Tests--e1576-icate-with-demo-credentials-chromium-retry1/trace.zip

    ────────────────────────────────────────────────────────────────────────────────────────────────
]]>
</failure>
<system-out>
<![CDATA[
[[ATTACHMENT|api-API-Integration-Tests--e1576-icate-with-demo-credentials-chromium-retry1/trace.zip]]
]]>
</system-out>
</testcase>
<testcase name="API Integration Tests › should create chat session with authentication" classname="api.spec.ts" time="0.009">
<failure message="api.spec.ts:32:3 should create chat session with authentication" type="FAILURE">
<![CDATA[  [chromium] › api.spec.ts:32:3 › API Integration Tests › should create chat session with authentication 

    Error: ENOENT: no such file or directory, open 'playwright/.auth/user.json'

    Retry #1 ───────────────────────────────────────────────────────────────────────────────────────

    Error: ENOENT: no such file or directory, open 'playwright/.auth/user.json'

    attachment #1: trace (application/zip) ─────────────────────────────────────────────────────────
    ../../test-results/api-API-Integration-Tests--e2316-session-with-authentication-chromium-retry1/trace.zip
    Usage:

        pnpm exec playwright show-trace ../../test-results/api-API-Integration-Tests--e2316-session-with-authentication-chromium-retry1/trace.zip

    ────────────────────────────────────────────────────────────────────────────────────────────────
]]>
</failure>
<system-out>
<![CDATA[
[[ATTACHMENT|api-API-Integration-Tests--e2316-session-with-authentication-chromium-retry1/trace.zip]]
]]>
</system-out>
</testcase>
<testcase name="API Integration Tests › should send chat message and receive response" classname="api.spec.ts" time="0.009">
<failure message="api.spec.ts:60:3 should send chat message and receive response" type="FAILURE">
<![CDATA[  [chromium] › api.spec.ts:60:3 › API Integration Tests › should send chat message and receive response 

    Error: ENOENT: no such file or directory, open 'playwright/.auth/user.json'

    Retry #1 ───────────────────────────────────────────────────────────────────────────────────────

    Error: ENOENT: no such file or directory, open 'playwright/.auth/user.json'

    attachment #1: trace (application/zip) ─────────────────────────────────────────────────────────
    ../../test-results/api-API-Integration-Tests--f19fd-essage-and-receive-response-chromium-retry1/trace.zip
    Usage:

        pnpm exec playwright show-trace ../../test-results/api-API-Integration-Tests--f19fd-essage-and-receive-response-chromium-retry1/trace.zip

    ────────────────────────────────────────────────────────────────────────────────────────────────
]]>
</failure>
<system-out>
<![CDATA[
[[ATTACHMENT|api-API-Integration-Tests--f19fd-essage-and-receive-response-chromium-retry1/trace.zip]]
]]>
</system-out>
</testcase>
<testcase name="API Integration Tests › should handle streaming chat response" classname="api.spec.ts" time="0.007">
<failure message="api.spec.ts:103:3 should handle streaming chat response" type="FAILURE">
<![CDATA[  [chromium] › api.spec.ts:103:3 › API Integration Tests › should handle streaming chat response ───

    Error: ENOENT: no such file or directory, open 'playwright/.auth/user.json'

    Retry #1 ───────────────────────────────────────────────────────────────────────────────────────

    Error: ENOENT: no such file or directory, open 'playwright/.auth/user.json'

    attachment #1: trace (application/zip) ─────────────────────────────────────────────────────────
    ../../test-results/api-API-Integration-Tests--c4752-dle-streaming-chat-response-chromium-retry1/trace.zip
    Usage:

        pnpm exec playwright show-trace ../../test-results/api-API-Integration-Tests--c4752-dle-streaming-chat-response-chromium-retry1/trace.zip

    ────────────────────────────────────────────────────────────────────────────────────────────────
]]>
</failure>
<system-out>
<![CDATA[
[[ATTACHMENT|api-API-Integration-Tests--c4752-dle-streaming-chat-response-chromium-retry1/trace.zip]]
]]>
</system-out>
</testcase>
<testcase name="API Integration Tests › should validate request schemas" classname="api.spec.ts" time="0.007">
<failure message="api.spec.ts:144:3 should validate request schemas" type="FAILURE">
<![CDATA[  [chromium] › api.spec.ts:144:3 › API Integration Tests › should validate request schemas ─────────

    Error: ENOENT: no such file or directory, open 'playwright/.auth/user.json'

    Retry #1 ───────────────────────────────────────────────────────────────────────────────────────

    Error: ENOENT: no such file or directory, open 'playwright/.auth/user.json'

    attachment #1: trace (application/zip) ─────────────────────────────────────────────────────────
    ../../test-results/api-API-Integration-Tests-should-validate-request-schemas-chromium-retry1/trace.zip
    Usage:

        pnpm exec playwright show-trace ../../test-results/api-API-Integration-Tests-should-validate-request-schemas-chromium-retry1/trace.zip

    ────────────────────────────────────────────────────────────────────────────────────────────────
]]>
</failure>
<system-out>
<![CDATA[
[[ATTACHMENT|api-API-Integration-Tests-should-validate-request-schemas-chromium-retry1/trace.zip]]
]]>
</system-out>
</testcase>
<testcase name="API Integration Tests › should handle rate limiting" classname="api.spec.ts" time="0.007">
<failure message="api.spec.ts:171:3 should handle rate limiting" type="FAILURE">
<![CDATA[  [chromium] › api.spec.ts:171:3 › API Integration Tests › should handle rate limiting ─────────────

    Error: ENOENT: no such file or directory, open 'playwright/.auth/user.json'

    Retry #1 ───────────────────────────────────────────────────────────────────────────────────────

    Error: ENOENT: no such file or directory, open 'playwright/.auth/user.json'

    attachment #1: trace (application/zip) ─────────────────────────────────────────────────────────
    ../../test-results/api-API-Integration-Tests-should-handle-rate-limiting-chromium-retry1/trace.zip
    Usage:

        pnpm exec playwright show-trace ../../test-results/api-API-Integration-Tests-should-handle-rate-limiting-chromium-retry1/trace.zip

    ────────────────────────────────────────────────────────────────────────────────────────────────
]]>
</failure>
<system-out>
<![CDATA[
[[ATTACHMENT|api-API-Integration-Tests-should-handle-rate-limiting-chromium-retry1/trace.zip]]
]]>
</system-out>
</testcase>
</testsuite>
<testsuite name="auth.spec.ts" timestamp="2025-09-25T18:38:26.520Z" hostname="chromium" tests="5" failures="5" skipped="0" time="0.03" errors="0">
<testcase name="Authentication Flow › should display login form on unauthenticated access" classname="auth.spec.ts" time="0.006">
<failure message="auth.spec.ts:11:3 should display login form on unauthenticated access" type="FAILURE">
<![CDATA[  [chromium] › auth.spec.ts:11:3 › Authentication Flow › should display login form on unauthenticated access 

    Error: browserType.launch: 
    ╔══════════════════════════════════════════════════════╗
    ║ Host system is missing dependencies to run browsers. ║
    ║ Please install them with the following command:      ║
    ║                                                      ║
    ║     sudo pnpm exec playwright install-deps           ║
    ║                                                      ║
    ║ Alternatively, use apt:                              ║
    ║     sudo apt-get install libatk1.0-0\                ║
    ║         libatk-bridge2.0-0\                          ║
    ║         libatspi2.0-0\                               ║
    ║         libxdamage1\                                 ║
    ║         libgbm1\                                     ║
    ║         libxkbcommon0                                ║
    ║                                                      ║
    ║ <3 Playwright Team                                   ║
    ╚══════════════════════════════════════════════════════╝

    Retry #1 ───────────────────────────────────────────────────────────────────────────────────────

    Error: browserType.launch: 
    ╔══════════════════════════════════════════════════════╗
    ║ Host system is missing dependencies to run browsers. ║
    ║ Please install them with the following command:      ║
    ║                                                      ║
    ║     sudo pnpm exec playwright install-deps           ║
    ║                                                      ║
    ║ Alternatively, use apt:                              ║
    ║     sudo apt-get install libatk1.0-0\                ║
    ║         libatk-bridge2.0-0\                          ║
    ║         libatspi2.0-0\                               ║
    ║         libxdamage1\                                 ║
    ║         libgbm1\                                     ║
    ║         libxkbcommon0                                ║
    ║                                                      ║
    ║ <3 Playwright Team                                   ║
    ╚══════════════════════════════════════════════════════╝

    attachment #1: trace (application/zip) ─────────────────────────────────────────────────────────
    ../../test-results/auth-Authentication-Flow-s-60e07-m-on-unauthenticated-access-chromium-retry1/trace.zip
    Usage:

        pnpm exec playwright show-trace ../../test-results/auth-Authentication-Flow-s-60e07-m-on-unauthenticated-access-chromium-retry1/trace.zip

    ────────────────────────────────────────────────────────────────────────────────────────────────
]]>
</failure>
<system-out>
<![CDATA[
[[ATTACHMENT|auth-Authentication-Flow-s-60e07-m-on-unauthenticated-access-chromium-retry1/trace.zip]]
]]>
</system-out>
</testcase>
<testcase name="Authentication Flow › should show validation errors for invalid credentials" classname="auth.spec.ts" time="0.006">
<failure message="auth.spec.ts:21:3 should show validation errors for invalid credentials" type="FAILURE">
<![CDATA[  [chromium] › auth.spec.ts:21:3 › Authentication Flow › should show validation errors for invalid credentials 

    Error: browserType.launch: 
    ╔══════════════════════════════════════════════════════╗
    ║ Host system is missing dependencies to run browsers. ║
    ║ Please install them with the following command:      ║
    ║                                                      ║
    ║     sudo pnpm exec playwright install-deps           ║
    ║                                                      ║
    ║ Alternatively, use apt:                              ║
    ║     sudo apt-get install libatk1.0-0\                ║
    ║         libatk-bridge2.0-0\                          ║
    ║         libatspi2.0-0\                               ║
    ║         libxdamage1\                                 ║
    ║         libgbm1\                                     ║
    ║         libxkbcommon0                                ║
    ║                                                      ║
    ║ <3 Playwright Team                                   ║
    ╚══════════════════════════════════════════════════════╝

    Retry #1 ───────────────────────────────────────────────────────────────────────────────────────

    Error: browserType.launch: 
    ╔══════════════════════════════════════════════════════╗
    ║ Host system is missing dependencies to run browsers. ║
    ║ Please install them with the following command:      ║
    ║                                                      ║
    ║     sudo pnpm exec playwright install-deps           ║
    ║                                                      ║
    ║ Alternatively, use apt:                              ║
    ║     sudo apt-get install libatk1.0-0\                ║
    ║         libatk-bridge2.0-0\                          ║
    ║         libatspi2.0-0\                               ║
    ║         libxdamage1\                                 ║
    ║         libgbm1\                                     ║
    ║         libxkbcommon0                                ║
    ║                                                      ║
    ║ <3 Playwright Team                                   ║
    ╚══════════════════════════════════════════════════════╝

    attachment #1: trace (application/zip) ─────────────────────────────────────────────────────────
    ../../test-results/auth-Authentication-Flow-s-df9de-ors-for-invalid-credentials-chromium-retry1/trace.zip
    Usage:

        pnpm exec playwright show-trace ../../test-results/auth-Authentication-Flow-s-df9de-ors-for-invalid-credentials-chromium-retry1/trace.zip

    ────────────────────────────────────────────────────────────────────────────────────────────────
]]>
</failure>
<system-out>
<![CDATA[
[[ATTACHMENT|auth-Authentication-Flow-s-df9de-ors-for-invalid-credentials-chromium-retry1/trace.zip]]
]]>
</system-out>
</testcase>
<testcase name="Authentication Flow › should successfully login with demo credentials" classname="auth.spec.ts" time="0.006">
<failure message="auth.spec.ts:35:3 should successfully login with demo credentials" type="FAILURE">
<![CDATA[  [chromium] › auth.spec.ts:35:3 › Authentication Flow › should successfully login with demo credentials 

    Error: browserType.launch: 
    ╔══════════════════════════════════════════════════════╗
    ║ Host system is missing dependencies to run browsers. ║
    ║ Please install them with the following command:      ║
    ║                                                      ║
    ║     sudo pnpm exec playwright install-deps           ║
    ║                                                      ║
    ║ Alternatively, use apt:                              ║
    ║     sudo apt-get install libatk1.0-0\                ║
    ║         libatk-bridge2.0-0\                          ║
    ║         libatspi2.0-0\                               ║
    ║         libxdamage1\                                 ║
    ║         libgbm1\                                     ║
    ║         libxkbcommon0                                ║
    ║                                                      ║
    ║ <3 Playwright Team                                   ║
    ╚══════════════════════════════════════════════════════╝

    Retry #1 ───────────────────────────────────────────────────────────────────────────────────────

    Error: browserType.launch: 
    ╔══════════════════════════════════════════════════════╗
    ║ Host system is missing dependencies to run browsers. ║
    ║ Please install them with the following command:      ║
    ║                                                      ║
    ║     sudo pnpm exec playwright install-deps           ║
    ║                                                      ║
    ║ Alternatively, use apt:                              ║
    ║     sudo apt-get install libatk1.0-0\                ║
    ║         libatk-bridge2.0-0\                          ║
    ║         libatspi2.0-0\                               ║
    ║         libxdamage1\                                 ║
    ║         libgbm1\                                     ║
    ║         libxkbcommon0                                ║
    ║                                                      ║
    ║ <3 Playwright Team                                   ║
    ╚══════════════════════════════════════════════════════╝

    attachment #1: trace (application/zip) ─────────────────────────────────────────────────────────
    ../../test-results/auth-Authentication-Flow-s-96a1b-login-with-demo-credentials-chromium-retry1/trace.zip
    Usage:

        pnpm exec playwright show-trace ../../test-results/auth-Authentication-Flow-s-96a1b-login-with-demo-credentials-chromium-retry1/trace.zip

    ────────────────────────────────────────────────────────────────────────────────────────────────
]]>
</failure>
<system-out>
<![CDATA[
[[ATTACHMENT|auth-Authentication-Flow-s-96a1b-login-with-demo-credentials-chromium-retry1/trace.zip]]
]]>
</system-out>
</testcase>
<testcase name="Authentication Flow › should persist authentication across page reloads" classname="auth.spec.ts" time="0.006">
<failure message="auth.spec.ts:51:3 should persist authentication across page reloads" type="FAILURE">
<![CDATA[  [chromium] › auth.spec.ts:51:3 › Authentication Flow › should persist authentication across page reloads 

    Error: browserType.launch: 
    ╔══════════════════════════════════════════════════════╗
    ║ Host system is missing dependencies to run browsers. ║
    ║ Please install them with the following command:      ║
    ║                                                      ║
    ║     sudo pnpm exec playwright install-deps           ║
    ║                                                      ║
    ║ Alternatively, use apt:                              ║
    ║     sudo apt-get install libatk1.0-0\                ║
    ║         libatk-bridge2.0-0\                          ║
    ║         libatspi2.0-0\                               ║
    ║         libxdamage1\                                 ║
    ║         libgbm1\                                     ║
    ║         libxkbcommon0                                ║
    ║                                                      ║
    ║ <3 Playwright Team                                   ║
    ╚══════════════════════════════════════════════════════╝

    Retry #1 ───────────────────────────────────────────────────────────────────────────────────────

    Error: browserType.launch: 
    ╔══════════════════════════════════════════════════════╗
    ║ Host system is missing dependencies to run browsers. ║
    ║ Please install them with the following command:      ║
    ║                                                      ║
    ║     sudo pnpm exec playwright install-deps           ║
    ║                                                      ║
    ║ Alternatively, use apt:                              ║
    ║     sudo apt-get install libatk1.0-0\                ║
    ║         libatk-bridge2.0-0\                          ║
    ║         libatspi2.0-0\                               ║
    ║         libxdamage1\                                 ║
    ║         libgbm1\                                     ║
    ║         libxkbcommon0                                ║
    ║                                                      ║
    ║ <3 Playwright Team                                   ║
    ╚══════════════════════════════════════════════════════╝

    attachment #1: trace (application/zip) ─────────────────────────────────────────────────────────
    ../../test-results/auth-Authentication-Flow-s-1627b-ication-across-page-reloads-chromium-retry1/trace.zip
    Usage:

        pnpm exec playwright show-trace ../../test-results/auth-Authentication-Flow-s-1627b-ication-across-page-reloads-chromium-retry1/trace.zip

    ────────────────────────────────────────────────────────────────────────────────────────────────
]]>
</failure>
<system-out>
<![CDATA[
[[ATTACHMENT|auth-Authentication-Flow-s-1627b-ication-across-page-reloads-chromium-retry1/trace.zip]]
]]>
</system-out>
</testcase>
<testcase name="Authentication Flow › should logout successfully" classname="auth.spec.ts" time="0.006">
<failure message="auth.spec.ts:69:3 should logout successfully" type="FAILURE">
<![CDATA[  [chromium] › auth.spec.ts:69:3 › Authentication Flow › should logout successfully ────────────────

    Error: browserType.launch: 
    ╔══════════════════════════════════════════════════════╗
    ║ Host system is missing dependencies to run browsers. ║
    ║ Please install them with the following command:      ║
    ║                                                      ║
    ║     sudo pnpm exec playwright install-deps           ║
    ║                                                      ║
    ║ Alternatively, use apt:                              ║
    ║     sudo apt-get install libatk1.0-0\                ║
    ║         libatk-bridge2.0-0\                          ║
    ║         libatspi2.0-0\                               ║
    ║         libxdamage1\                                 ║
    ║         libgbm1\                                     ║
    ║         libxkbcommon0                                ║
    ║                                                      ║
    ║ <3 Playwright Team                                   ║
    ╚══════════════════════════════════════════════════════╝

    Retry #1 ───────────────────────────────────────────────────────────────────────────────────────

    Error: browserType.launch: 
    ╔══════════════════════════════════════════════════════╗
    ║ Host system is missing dependencies to run browsers. ║
    ║ Please install them with the following command:      ║
    ║                                                      ║
    ║     sudo pnpm exec playwright install-deps           ║
    ║                                                      ║
    ║ Alternatively, use apt:                              ║
    ║     sudo apt-get install libatk1.0-0\                ║
    ║         libatk-bridge2.0-0\                          ║
    ║         libatspi2.0-0\                               ║
    ║         libxdamage1\                                 ║
    ║         libgbm1\                                     ║
    ║         libxkbcommon0                                ║
    ║                                                      ║
    ║ <3 Playwright Team                                   ║
    ╚══════════════════════════════════════════════════════╝

    attachment #1: trace (application/zip) ─────────────────────────────────────────────────────────
    ../../test-results/auth-Authentication-Flow-should-logout-successfully-chromium-retry1/trace.zip
    Usage:

        pnpm exec playwright show-trace ../../test-results/auth-Authentication-Flow-should-logout-successfully-chromium-retry1/trace.zip

    ────────────────────────────────────────────────────────────────────────────────────────────────
]]>
</failure>
<system-out>
<![CDATA[
[[ATTACHMENT|auth-Authentication-Flow-should-logout-successfully-chromium-retry1/trace.zip]]
]]>
</system-out>
</testcase>
</testsuite>
<testsuite name="chat.spec.ts" timestamp="2025-09-25T18:38:26.520Z" hostname="chromium" tests="8" failures="8" skipped="0" time="0.042" errors="0">
<testcase name="Chat Functionality › should display chat interface" classname="chat.spec.ts" time="0.005">
<failure message="chat.spec.ts:12:3 should display chat interface" type="FAILURE">
<![CDATA[  [chromium] › chat.spec.ts:12:3 › Chat Functionality › should display chat interface ──────────────

    Error: browserType.launch: 
    ╔══════════════════════════════════════════════════════╗
    ║ Host system is missing dependencies to run browsers. ║
    ║ Please install them with the following command:      ║
    ║                                                      ║
    ║     sudo pnpm exec playwright install-deps           ║
    ║                                                      ║
    ║ Alternatively, use apt:                              ║
    ║     sudo apt-get install libatk1.0-0\                ║
    ║         libatk-bridge2.0-0\                          ║
    ║         libatspi2.0-0\                               ║
    ║         libxdamage1\                                 ║
    ║         libgbm1\                                     ║
    ║         libxkbcommon0                                ║
    ║                                                      ║
    ║ <3 Playwright Team                                   ║
    ╚══════════════════════════════════════════════════════╝

    Retry #1 ───────────────────────────────────────────────────────────────────────────────────────

    Error: browserType.launch: 
    ╔══════════════════════════════════════════════════════╗
    ║ Host system is missing dependencies to run browsers. ║
    ║ Please install them with the following command:      ║
    ║                                                      ║
    ║     sudo pnpm exec playwright install-deps           ║
    ║                                                      ║
    ║ Alternatively, use apt:                              ║
    ║     sudo apt-get install libatk1.0-0\                ║
    ║         libatk-bridge2.0-0\                          ║
    ║         libatspi2.0-0\                               ║
    ║         libxdamage1\                                 ║
    ║         libgbm1\                                     ║
    ║         libxkbcommon0                                ║
    ║                                                      ║
    ║ <3 Playwright Team                                   ║
    ╚══════════════════════════════════════════════════════╝

    attachment #1: trace (application/zip) ─────────────────────────────────────────────────────────
    ../../test-results/chat-Chat-Functionality-should-display-chat-interface-chromium-retry1/trace.zip
    Usage:

        pnpm exec playwright show-trace ../../test-results/chat-Chat-Functionality-should-display-chat-interface-chromium-retry1/trace.zip

    ────────────────────────────────────────────────────────────────────────────────────────────────
]]>
</failure>
<system-out>
<![CDATA[
[[ATTACHMENT|chat-Chat-Functionality-should-display-chat-interface-chromium-retry1/trace.zip]]
]]>
</system-out>
</testcase>
<testcase name="Chat Functionality › should send a simple message" classname="chat.spec.ts" time="0.006">
<failure message="chat.spec.ts:19:3 should send a simple message" type="FAILURE">
<![CDATA[  [chromium] › chat.spec.ts:19:3 › Chat Functionality › should send a simple message ───────────────

    Error: browserType.launch: 
    ╔══════════════════════════════════════════════════════╗
    ║ Host system is missing dependencies to run browsers. ║
    ║ Please install them with the following command:      ║
    ║                                                      ║
    ║     sudo pnpm exec playwright install-deps           ║
    ║                                                      ║
    ║ Alternatively, use apt:                              ║
    ║     sudo apt-get install libatk1.0-0\                ║
    ║         libatk-bridge2.0-0\                          ║
    ║         libatspi2.0-0\                               ║
    ║         libxdamage1\                                 ║
    ║         libgbm1\                                     ║
    ║         libxkbcommon0                                ║
    ║                                                      ║
    ║ <3 Playwright Team                                   ║
    ╚══════════════════════════════════════════════════════╝

    Retry #1 ───────────────────────────────────────────────────────────────────────────────────────

    Error: browserType.launch: 
    ╔══════════════════════════════════════════════════════╗
    ║ Host system is missing dependencies to run browsers. ║
    ║ Please install them with the following command:      ║
    ║                                                      ║
    ║     sudo pnpm exec playwright install-deps           ║
    ║                                                      ║
    ║ Alternatively, use apt:                              ║
    ║     sudo apt-get install libatk1.0-0\                ║
    ║         libatk-bridge2.0-0\                          ║
    ║         libatspi2.0-0\                               ║
    ║         libxdamage1\                                 ║
    ║         libgbm1\                                     ║
    ║         libxkbcommon0                                ║
    ║                                                      ║
    ║ <3 Playwright Team                                   ║
    ╚══════════════════════════════════════════════════════╝

    attachment #1: trace (application/zip) ─────────────────────────────────────────────────────────
    ../../test-results/chat-Chat-Functionality-should-send-a-simple-message-chromium-retry1/trace.zip
    Usage:

        pnpm exec playwright show-trace ../../test-results/chat-Chat-Functionality-should-send-a-simple-message-chromium-retry1/trace.zip

    ────────────────────────────────────────────────────────────────────────────────────────────────
]]>
</failure>
<system-out>
<![CDATA[
[[ATTACHMENT|chat-Chat-Functionality-should-send-a-simple-message-chromium-retry1/trace.zip]]
]]>
</system-out>
</testcase>
<testcase name="Chat Functionality › should handle streaming responses" classname="chat.spec.ts" time="0.008">
<failure message="chat.spec.ts:40:3 should handle streaming responses" type="FAILURE">
<![CDATA[  [chromium] › chat.spec.ts:40:3 › Chat Functionality › should handle streaming responses ──────────

    Error: browserType.launch: 
    ╔══════════════════════════════════════════════════════╗
    ║ Host system is missing dependencies to run browsers. ║
    ║ Please install them with the following command:      ║
    ║                                                      ║
    ║     sudo pnpm exec playwright install-deps           ║
    ║                                                      ║
    ║ Alternatively, use apt:                              ║
    ║     sudo apt-get install libatk1.0-0\                ║
    ║         libatk-bridge2.0-0\                          ║
    ║         libatspi2.0-0\                               ║
    ║         libxdamage1\                                 ║
    ║         libgbm1\                                     ║
    ║         libxkbcommon0                                ║
    ║                                                      ║
    ║ <3 Playwright Team                                   ║
    ╚══════════════════════════════════════════════════════╝

    Retry #1 ───────────────────────────────────────────────────────────────────────────────────────

    Error: browserType.launch: 
    ╔══════════════════════════════════════════════════════╗
    ║ Host system is missing dependencies to run browsers. ║
    ║ Please install them with the following command:      ║
    ║                                                      ║
    ║     sudo pnpm exec playwright install-deps           ║
    ║                                                      ║
    ║ Alternatively, use apt:                              ║
    ║     sudo apt-get install libatk1.0-0\                ║
    ║         libatk-bridge2.0-0\                          ║
    ║         libatspi2.0-0\                               ║
    ║         libxdamage1\                                 ║
    ║         libgbm1\                                     ║
    ║         libxkbcommon0                                ║
    ║                                                      ║
    ║ <3 Playwright Team                                   ║
    ╚══════════════════════════════════════════════════════╝

    attachment #1: trace (application/zip) ─────────────────────────────────────────────────────────
    ../../test-results/chat-Chat-Functionality-should-handle-streaming-responses-chromium-retry1/trace.zip
    Usage:

        pnpm exec playwright show-trace ../../test-results/chat-Chat-Functionality-should-handle-streaming-responses-chromium-retry1/trace.zip

    ────────────────────────────────────────────────────────────────────────────────────────────────
]]>
</failure>
<system-out>
<![CDATA[
[[ATTACHMENT|chat-Chat-Functionality-should-handle-streaming-responses-chromium-retry1/trace.zip]]
]]>
</system-out>
</testcase>
<testcase name="Chat Functionality › should create new chat session" classname="chat.spec.ts" time="0.006">
<failure message="chat.spec.ts:60:3 should create new chat session" type="FAILURE">
<![CDATA[  [chromium] › chat.spec.ts:60:3 › Chat Functionality › should create new chat session ─────────────

    Error: browserType.launch: 
    ╔══════════════════════════════════════════════════════╗
    ║ Host system is missing dependencies to run browsers. ║
    ║ Please install them with the following command:      ║
    ║                                                      ║
    ║     sudo pnpm exec playwright install-deps           ║
    ║                                                      ║
    ║ Alternatively, use apt:                              ║
    ║     sudo apt-get install libatk1.0-0\                ║
    ║         libatk-bridge2.0-0\                          ║
    ║         libatspi2.0-0\                               ║
    ║         libxdamage1\                                 ║
    ║         libgbm1\                                     ║
    ║         libxkbcommon0                                ║
    ║                                                      ║
    ║ <3 Playwright Team                                   ║
    ╚══════════════════════════════════════════════════════╝

    Retry #1 ───────────────────────────────────────────────────────────────────────────────────────

    Error: browserType.launch: 
    ╔══════════════════════════════════════════════════════╗
    ║ Host system is missing dependencies to run browsers. ║
    ║ Please install them with the following command:      ║
    ║                                                      ║
    ║     sudo pnpm exec playwright install-deps           ║
    ║                                                      ║
    ║ Alternatively, use apt:                              ║
    ║     sudo apt-get install libatk1.0-0\                ║
    ║         libatk-bridge2.0-0\                          ║
    ║         libatspi2.0-0\                               ║
    ║         libxdamage1\                                 ║
    ║         libgbm1\                                     ║
    ║         libxkbcommon0                                ║
    ║                                                      ║
    ║ <3 Playwright Team                                   ║
    ╚══════════════════════════════════════════════════════╝

    attachment #1: trace (application/zip) ─────────────────────────────────────────────────────────
    ../../test-results/chat-Chat-Functionality-should-create-new-chat-session-chromium-retry1/trace.zip
    Usage:

        pnpm exec playwright show-trace ../../test-results/chat-Chat-Functionality-should-create-new-chat-session-chromium-retry1/trace.zip

    ────────────────────────────────────────────────────────────────────────────────────────────────
]]>
</failure>
<system-out>
<![CDATA[
[[ATTACHMENT|chat-Chat-Functionality-should-create-new-chat-session-chromium-retry1/trace.zip]]
]]>
</system-out>
</testcase>
<testcase name="Chat Functionality › should display chat history sidebar" classname="chat.spec.ts" time="0.005">
<failure message="chat.spec.ts:73:3 should display chat history sidebar" type="FAILURE">
<![CDATA[  [chromium] › chat.spec.ts:73:3 › Chat Functionality › should display chat history sidebar ────────

    Error: browserType.launch: 
    ╔══════════════════════════════════════════════════════╗
    ║ Host system is missing dependencies to run browsers. ║
    ║ Please install them with the following command:      ║
    ║                                                      ║
    ║     sudo pnpm exec playwright install-deps           ║
    ║                                                      ║
    ║ Alternatively, use apt:                              ║
    ║     sudo apt-get install libatk1.0-0\                ║
    ║         libatk-bridge2.0-0\                          ║
    ║         libatspi2.0-0\                               ║
    ║         libxdamage1\                                 ║
    ║         libgbm1\                                     ║
    ║         libxkbcommon0                                ║
    ║                                                      ║
    ║ <3 Playwright Team                                   ║
    ╚══════════════════════════════════════════════════════╝

    Retry #1 ───────────────────────────────────────────────────────────────────────────────────────

    Error: browserType.launch: 
    ╔══════════════════════════════════════════════════════╗
    ║ Host system is missing dependencies to run browsers. ║
    ║ Please install them with the following command:      ║
    ║                                                      ║
    ║     sudo pnpm exec playwright install-deps           ║
    ║                                                      ║
    ║ Alternatively, use apt:                              ║
    ║     sudo apt-get install libatk1.0-0\                ║
    ║         libatk-bridge2.0-0\                          ║
    ║         libatspi2.0-0\                               ║
    ║         libxdamage1\                                 ║
    ║         libgbm1\                                     ║
    ║         libxkbcommon0                                ║
    ║                                                      ║
    ║ <3 Playwright Team                                   ║
    ╚══════════════════════════════════════════════════════╝

    attachment #1: trace (application/zip) ─────────────────────────────────────────────────────────
    ../../test-results/chat-Chat-Functionality-should-display-chat-history-sidebar-chromium-retry1/trace.zip
    Usage:

        pnpm exec playwright show-trace ../../test-results/chat-Chat-Functionality-should-display-chat-history-sidebar-chromium-retry1/trace.zip

    ────────────────────────────────────────────────────────────────────────────────────────────────
]]>
</failure>
<system-out>
<![CDATA[
[[ATTACHMENT|chat-Chat-Functionality-should-display-chat-history-sidebar-chromium-retry1/trace.zip]]
]]>
</system-out>
</testcase>
<testcase name="Chat Functionality › should handle message with research mode" classname="chat.spec.ts" time="0.004">
<failure message="chat.spec.ts:87:3 should handle message with research mode" type="FAILURE">
<![CDATA[  [chromium] › chat.spec.ts:87:3 › Chat Functionality › should handle message with research mode ───

    Error: browserType.launch: 
    ╔══════════════════════════════════════════════════════╗
    ║ Host system is missing dependencies to run browsers. ║
    ║ Please install them with the following command:      ║
    ║                                                      ║
    ║     sudo pnpm exec playwright install-deps           ║
    ║                                                      ║
    ║ Alternatively, use apt:                              ║
    ║     sudo apt-get install libatk1.0-0\                ║
    ║         libatk-bridge2.0-0\                          ║
    ║         libatspi2.0-0\                               ║
    ║         libxdamage1\                                 ║
    ║         libgbm1\                                     ║
    ║         libxkbcommon0                                ║
    ║                                                      ║
    ║ <3 Playwright Team                                   ║
    ╚══════════════════════════════════════════════════════╝

    Retry #1 ───────────────────────────────────────────────────────────────────────────────────────

    Error: browserType.launch: 
    ╔══════════════════════════════════════════════════════╗
    ║ Host system is missing dependencies to run browsers. ║
    ║ Please install them with the following command:      ║
    ║                                                      ║
    ║     sudo pnpm exec playwright install-deps           ║
    ║                                                      ║
    ║ Alternatively, use apt:                              ║
    ║     sudo apt-get install libatk1.0-0\                ║
    ║         libatk-bridge2.0-0\                          ║
    ║         libatspi2.0-0\                               ║
    ║         libxdamage1\                                 ║
    ║         libgbm1\                                     ║
    ║         libxkbcommon0                                ║
    ║                                                      ║
    ║ <3 Playwright Team                                   ║
    ╚══════════════════════════════════════════════════════╝

    attachment #1: trace (application/zip) ─────────────────────────────────────────────────────────
    ../../test-results/chat-Chat-Functionality-sh-7e1ee--message-with-research-mode-chromium-retry1/trace.zip
    Usage:

        pnpm exec playwright show-trace ../../test-results/chat-Chat-Functionality-sh-7e1ee--message-with-research-mode-chromium-retry1/trace.zip

    ────────────────────────────────────────────────────────────────────────────────────────────────
]]>
</failure>
<system-out>
<![CDATA[
[[ATTACHMENT|chat-Chat-Functionality-sh-7e1ee--message-with-research-mode-chromium-retry1/trace.zip]]
]]>
</system-out>
</testcase>
<testcase name="Chat Functionality › should be responsive on mobile" classname="chat.spec.ts" time="0.004">
<failure message="chat.spec.ts:110:3 should be responsive on mobile" type="FAILURE">
<![CDATA[  [chromium] › chat.spec.ts:110:3 › Chat Functionality › should be responsive on mobile ────────────

    Error: browserType.launch: 
    ╔══════════════════════════════════════════════════════╗
    ║ Host system is missing dependencies to run browsers. ║
    ║ Please install them with the following command:      ║
    ║                                                      ║
    ║     sudo pnpm exec playwright install-deps           ║
    ║                                                      ║
    ║ Alternatively, use apt:                              ║
    ║     sudo apt-get install libatk1.0-0\                ║
    ║         libatk-bridge2.0-0\                          ║
    ║         libatspi2.0-0\                               ║
    ║         libxdamage1\                                 ║
    ║         libgbm1\                                     ║
    ║         libxkbcommon0                                ║
    ║                                                      ║
    ║ <3 Playwright Team                                   ║
    ╚══════════════════════════════════════════════════════╝

    Retry #1 ───────────────────────────────────────────────────────────────────────────────────────

    Error: browserType.launch: 
    ╔══════════════════════════════════════════════════════╗
    ║ Host system is missing dependencies to run browsers. ║
    ║ Please install them with the following command:      ║
    ║                                                      ║
    ║     sudo pnpm exec playwright install-deps           ║
    ║                                                      ║
    ║ Alternatively, use apt:                              ║
    ║     sudo apt-get install libatk1.0-0\                ║
    ║         libatk-bridge2.0-0\                          ║
    ║         libatspi2.0-0\                               ║
    ║         libxdamage1\                                 ║
    ║         libgbm1\                                     ║
    ║         libxkbcommon0                                ║
    ║                                                      ║
    ║ <3 Playwright Team                                   ║
    ╚══════════════════════════════════════════════════════╝

    attachment #1: trace (application/zip) ─────────────────────────────────────────────────────────
    ../../test-results/chat-Chat-Functionality-should-be-responsive-on-mobile-chromium-retry1/trace.zip
    Usage:

        pnpm exec playwright show-trace ../../test-results/chat-Chat-Functionality-should-be-responsive-on-mobile-chromium-retry1/trace.zip

    ────────────────────────────────────────────────────────────────────────────────────────────────
]]>
</failure>
<system-out>
<![CDATA[
[[ATTACHMENT|chat-Chat-Functionality-should-be-responsive-on-mobile-chromium-retry1/trace.zip]]
]]>
</system-out>
</testcase>
<testcase name="Chat Functionality › should open tools menu upwards on small screens" classname="chat.spec.ts" time="0.004">
<failure message="chat.spec.ts:122:3 should open tools menu upwards on small screens" type="FAILURE">
<![CDATA[  [chromium] › chat.spec.ts:122:3 › Chat Functionality › should open tools menu upwards on small screens 

    Error: browserType.launch: 
    ╔══════════════════════════════════════════════════════╗
    ║ Host system is missing dependencies to run browsers. ║
    ║ Please install them with the following command:      ║
    ║                                                      ║
    ║     sudo pnpm exec playwright install-deps           ║
    ║                                                      ║
    ║ Alternatively, use apt:                              ║
    ║     sudo apt-get install libatk1.0-0\                ║
    ║         libatk-bridge2.0-0\                          ║
    ║         libatspi2.0-0\                               ║
    ║         libxdamage1\                                 ║
    ║         libgbm1\                                     ║
    ║         libxkbcommon0                                ║
    ║                                                      ║
    ║ <3 Playwright Team                                   ║
    ╚══════════════════════════════════════════════════════╝

    Retry #1 ───────────────────────────────────────────────────────────────────────────────────────

    Error: browserType.launch: 
    ╔══════════════════════════════════════════════════════╗
    ║ Host system is missing dependencies to run browsers. ║
    ║ Please install them with the following command:      ║
    ║                                                      ║
    ║     sudo pnpm exec playwright install-deps           ║
    ║                                                      ║
    ║ Alternatively, use apt:                              ║
    ║     sudo apt-get install libatk1.0-0\                ║
    ║         libatk-bridge2.0-0\                          ║
    ║         libatspi2.0-0\                               ║
    ║         libxdamage1\                                 ║
    ║         libgbm1\                                     ║
    ║         libxkbcommon0                                ║
    ║                                                      ║
    ║ <3 Playwright Team                                   ║
    ╚══════════════════════════════════════════════════════╝

    attachment #1: trace (application/zip) ─────────────────────────────────────────────────────────
    ../../test-results/chat-Chat-Functionality-sh-703e9-nu-upwards-on-small-screens-chromium-retry1/trace.zip
    Usage:

        pnpm exec playwright show-trace ../../test-results/chat-Chat-Functionality-sh-703e9-nu-upwards-on-small-screens-chromium-retry1/trace.zip

    ────────────────────────────────────────────────────────────────────────────────────────────────
]]>
</failure>
<system-out>
<![CDATA[
[[ATTACHMENT|chat-Chat-Functionality-sh-703e9-nu-upwards-on-small-screens-chromium-retry1/trace.zip]]
]]>
</system-out>
</testcase>
</testsuite>
<testsuite name="example.spec.js" timestamp="2025-09-25T18:38:26.520Z" hostname="chromium" tests="5" failures="5" skipped="0" time="0.026" errors="0">
<testcase name="Copilot OS App › should load homepage successfully" classname="example.spec.js" time="0.004">
<failure message="example.spec.js:5:3 should load homepage successfully" type="FAILURE">
<![CDATA[  [chromium] › example.spec.js:5:3 › Copilot OS App › should load homepage successfully ────────────

    Error: browserType.launch: 
    ╔══════════════════════════════════════════════════════╗
    ║ Host system is missing dependencies to run browsers. ║
    ║ Please install them with the following command:      ║
    ║                                                      ║
    ║     sudo pnpm exec playwright install-deps           ║
    ║                                                      ║
    ║ Alternatively, use apt:                              ║
    ║     sudo apt-get install libatk1.0-0\                ║
    ║         libatk-bridge2.0-0\                          ║
    ║         libatspi2.0-0\                               ║
    ║         libxdamage1\                                 ║
    ║         libgbm1\                                     ║
    ║         libxkbcommon0                                ║
    ║                                                      ║
    ║ <3 Playwright Team                                   ║
    ╚══════════════════════════════════════════════════════╝

    Retry #1 ───────────────────────────────────────────────────────────────────────────────────────

    Error: browserType.launch: 
    ╔══════════════════════════════════════════════════════╗
    ║ Host system is missing dependencies to run browsers. ║
    ║ Please install them with the following command:      ║
    ║                                                      ║
    ║     sudo pnpm exec playwright install-deps           ║
    ║                                                      ║
    ║ Alternatively, use apt:                              ║
    ║     sudo apt-get install libatk1.0-0\                ║
    ║         libatk-bridge2.0-0\                          ║
    ║         libatspi2.0-0\                               ║
    ║         libxdamage1\                                 ║
    ║         libgbm1\                                     ║
    ║         libxkbcommon0                                ║
    ║                                                      ║
    ║ <3 Playwright Team                                   ║
    ╚══════════════════════════════════════════════════════╝

    attachment #1: trace (application/zip) ─────────────────────────────────────────────────────────
    ../../test-results/example-Copilot-OS-App-should-load-homepage-successfully-chromium-retry1/trace.zip
    Usage:

        pnpm exec playwright show-trace ../../test-results/example-Copilot-OS-App-should-load-homepage-successfully-chromium-retry1/trace.zip

    ────────────────────────────────────────────────────────────────────────────────────────────────
]]>
</failure>
<system-out>
<![CDATA[
[[ATTACHMENT|example-Copilot-OS-App-should-load-homepage-successfully-chromium-retry1/trace.zip]]
]]>
</system-out>
</testcase>
<testcase name="Copilot OS App › should navigate to chat page" classname="example.spec.js" time="0.006">
<failure message="example.spec.js:15:3 should navigate to chat page" type="FAILURE">
<![CDATA[  [chromium] › example.spec.js:15:3 › Copilot OS App › should navigate to chat page ────────────────

    Error: browserType.launch: 
    ╔══════════════════════════════════════════════════════╗
    ║ Host system is missing dependencies to run browsers. ║
    ║ Please install them with the following command:      ║
    ║                                                      ║
    ║     sudo pnpm exec playwright install-deps           ║
    ║                                                      ║
    ║ Alternatively, use apt:                              ║
    ║     sudo apt-get install libatk1.0-0\                ║
    ║         libatk-bridge2.0-0\                          ║
    ║         libatspi2.0-0\                               ║
    ║         libxdamage1\                                 ║
    ║         libgbm1\                                     ║
    ║         libxkbcommon0                                ║
    ║                                                      ║
    ║ <3 Playwright Team                                   ║
    ╚══════════════════════════════════════════════════════╝

    Retry #1 ───────────────────────────────────────────────────────────────────────────────────────

    Error: browserType.launch: 
    ╔══════════════════════════════════════════════════════╗
    ║ Host system is missing dependencies to run browsers. ║
    ║ Please install them with the following command:      ║
    ║                                                      ║
    ║     sudo pnpm exec playwright install-deps           ║
    ║                                                      ║
    ║ Alternatively, use apt:                              ║
    ║     sudo apt-get install libatk1.0-0\                ║
    ║         libatk-bridge2.0-0\                          ║
    ║         libatspi2.0-0\                               ║
    ║         libxdamage1\                                 ║
    ║         libgbm1\                                     ║
    ║         libxkbcommon0                                ║
    ║                                                      ║
    ║ <3 Playwright Team                                   ║
    ╚══════════════════════════════════════════════════════╝

    attachment #1: trace (application/zip) ─────────────────────────────────────────────────────────
    ../../test-results/example-Copilot-OS-App-should-navigate-to-chat-page-chromium-retry1/trace.zip
    Usage:

        pnpm exec playwright show-trace ../../test-results/example-Copilot-OS-App-should-navigate-to-chat-page-chromium-retry1/trace.zip

    ────────────────────────────────────────────────────────────────────────────────────────────────
]]>
</failure>
<system-out>
<![CDATA[
[[ATTACHMENT|example-Copilot-OS-App-should-navigate-to-chat-page-chromium-retry1/trace.zip]]
]]>
</system-out>
</testcase>
<testcase name="Copilot OS App › should handle API health check" classname="example.spec.js" time="0.005">
<failure message="example.spec.js:26:3 should handle API health check" type="FAILURE">
<![CDATA[  [chromium] › example.spec.js:26:3 › Copilot OS App › should handle API health check ──────────────

    Error: browserType.launch: 
    ╔══════════════════════════════════════════════════════╗
    ║ Host system is missing dependencies to run browsers. ║
    ║ Please install them with the following command:      ║
    ║                                                      ║
    ║     sudo pnpm exec playwright install-deps           ║
    ║                                                      ║
    ║ Alternatively, use apt:                              ║
    ║     sudo apt-get install libatk1.0-0\                ║
    ║         libatk-bridge2.0-0\                          ║
    ║         libatspi2.0-0\                               ║
    ║         libxdamage1\                                 ║
    ║         libgbm1\                                     ║
    ║         libxkbcommon0                                ║
    ║                                                      ║
    ║ <3 Playwright Team                                   ║
    ╚══════════════════════════════════════════════════════╝

    Retry #1 ───────────────────────────────────────────────────────────────────────────────────────

    Error: browserType.launch: 
    ╔══════════════════════════════════════════════════════╗
    ║ Host system is missing dependencies to run browsers. ║
    ║ Please install them with the following command:      ║
    ║                                                      ║
    ║     sudo pnpm exec playwright install-deps           ║
    ║                                                      ║
    ║ Alternatively, use apt:                              ║
    ║     sudo apt-get install libatk1.0-0\                ║
    ║         libatk-bridge2.0-0\                          ║
    ║         libatspi2.0-0\                               ║
    ║         libxdamage1\                                 ║
    ║         libgbm1\                                     ║
    ║         libxkbcommon0                                ║
    ║                                                      ║
    ║ <3 Playwright Team                                   ║
    ╚══════════════════════════════════════════════════════╝

    attachment #1: trace (application/zip) ─────────────────────────────────────────────────────────
    ../../test-results/example-Copilot-OS-App-should-handle-API-health-check-chromium-retry1/trace.zip
    Usage:

        pnpm exec playwright show-trace ../../test-results/example-Copilot-OS-App-should-handle-API-health-check-chromium-retry1/trace.zip

    ────────────────────────────────────────────────────────────────────────────────────────────────
]]>
</failure>
<system-out>
<![CDATA[
[[ATTACHMENT|example-Copilot-OS-App-should-handle-API-health-check-chromium-retry1/trace.zip]]
]]>
</system-out>
</testcase>
<testcase name="Copilot OS App › should be responsive on mobile" classname="example.spec.js" time="0.005">
<failure message="example.spec.js:35:3 should be responsive on mobile" type="FAILURE">
<![CDATA[  [chromium] › example.spec.js:35:3 › Copilot OS App › should be responsive on mobile ──────────────

    Error: browserType.launch: 
    ╔══════════════════════════════════════════════════════╗
    ║ Host system is missing dependencies to run browsers. ║
    ║ Please install them with the following command:      ║
    ║                                                      ║
    ║     sudo pnpm exec playwright install-deps           ║
    ║                                                      ║
    ║ Alternatively, use apt:                              ║
    ║     sudo apt-get install libatk1.0-0\                ║
    ║         libatk-bridge2.0-0\                          ║
    ║         libatspi2.0-0\                               ║
    ║         libxdamage1\                                 ║
    ║         libgbm1\                                     ║
    ║         libxkbcommon0                                ║
    ║                                                      ║
    ║ <3 Playwright Team                                   ║
    ╚══════════════════════════════════════════════════════╝

    Retry #1 ───────────────────────────────────────────────────────────────────────────────────────

    Error: browserType.launch: 
    ╔══════════════════════════════════════════════════════╗
    ║ Host system is missing dependencies to run browsers. ║
    ║ Please install them with the following command:      ║
    ║                                                      ║
    ║     sudo pnpm exec playwright install-deps           ║
    ║                                                      ║
    ║ Alternatively, use apt:                              ║
    ║     sudo apt-get install libatk1.0-0\                ║
    ║         libatk-bridge2.0-0\                          ║
    ║         libatspi2.0-0\                               ║
    ║         libxdamage1\                                 ║
    ║         libgbm1\                                     ║
    ║         libxkbcommon0                                ║
    ║                                                      ║
    ║ <3 Playwright Team                                   ║
    ╚══════════════════════════════════════════════════════╝

    attachment #1: trace (application/zip) ─────────────────────────────────────────────────────────
    ../../test-results/example-Copilot-OS-App-should-be-responsive-on-mobile-chromium-retry1/trace.zip
    Usage:

        pnpm exec playwright show-trace ../../test-results/example-Copilot-OS-App-should-be-responsive-on-mobile-chromium-retry1/trace.zip

    ────────────────────────────────────────────────────────────────────────────────────────────────
]]>
</failure>
<system-out>
<![CDATA[
[[ATTACHMENT|example-Copilot-OS-App-should-be-responsive-on-mobile-chromium-retry1/trace.zip]]
]]>
</system-out>
</testcase>
<testcase name="Copilot OS App › should load without console errors" classname="example.spec.js" time="0.006">
<failure message="example.spec.js:48:3 should load without console errors" type="FAILURE">
<![CDATA[  [chromium] › example.spec.js:48:3 › Copilot OS App › should load without console errors ──────────

    Error: browserType.launch: 
    ╔══════════════════════════════════════════════════════╗
    ║ Host system is missing dependencies to run browsers. ║
    ║ Please install them with the following command:      ║
    ║                                                      ║
    ║     sudo pnpm exec playwright install-deps           ║
    ║                                                      ║
    ║ Alternatively, use apt:                              ║
    ║     sudo apt-get install libatk1.0-0\                ║
    ║         libatk-bridge2.0-0\                          ║
    ║         libatspi2.0-0\                               ║
    ║         libxdamage1\                                 ║
    ║         libgbm1\                                     ║
    ║         libxkbcommon0                                ║
    ║                                                      ║
    ║ <3 Playwright Team                                   ║
    ╚══════════════════════════════════════════════════════╝

    Retry #1 ───────────────────────────────────────────────────────────────────────────────────────

    Error: browserType.launch: 
    ╔══════════════════════════════════════════════════════╗
    ║ Host system is missing dependencies to run browsers. ║
    ║ Please install them with the following command:      ║
    ║                                                      ║
    ║     sudo pnpm exec playwright install-deps           ║
    ║                                                      ║
    ║ Alternatively, use apt:                              ║
    ║     sudo apt-get install libatk1.0-0\                ║
    ║         libatk-bridge2.0-0\                          ║
    ║         libatspi2.0-0\                               ║
    ║         libxdamage1\                                 ║
    ║         libgbm1\                                     ║
    ║         libxkbcommon0                                ║
    ║                                                      ║
    ║ <3 Playwright Team                                   ║
    ╚══════════════════════════════════════════════════════╝

    attachment #1: trace (application/zip) ─────────────────────────────────────────────────────────
    ../../test-results/example-Copilot-OS-App-should-load-without-console-errors-chromium-retry1/trace.zip
    Usage:

        pnpm exec playwright show-trace ../../test-results/example-Copilot-OS-App-should-load-without-console-errors-chromium-retry1/trace.zip

    ────────────────────────────────────────────────────────────────────────────────────────────────
]]>
</failure>
<system-out>
<![CDATA[
[[ATTACHMENT|example-Copilot-OS-App-should-load-without-console-errors-chromium-retry1/trace.zip]]
]]>
</system-out>
</testcase>
</testsuite>
<testsuite name="performance.spec.ts" timestamp="2025-09-25T18:38:26.520Z" hostname="chromium" tests="5" failures="5" skipped="0" time="0.026" errors="0">
<testcase name="Performance Tests › should load homepage within acceptable time" classname="performance.spec.ts" time="0.006">
<failure message="performance.spec.ts:4:3 should load homepage within acceptable time" type="FAILURE">
<![CDATA[  [chromium] › performance.spec.ts:4:3 › Performance Tests › should load homepage within acceptable time 

    Error: browserType.launch: 
    ╔══════════════════════════════════════════════════════╗
    ║ Host system is missing dependencies to run browsers. ║
    ║ Please install them with the following command:      ║
    ║                                                      ║
    ║     sudo pnpm exec playwright install-deps           ║
    ║                                                      ║
    ║ Alternatively, use apt:                              ║
    ║     sudo apt-get install libatk1.0-0\                ║
    ║         libatk-bridge2.0-0\                          ║
    ║         libatspi2.0-0\                               ║
    ║         libxdamage1\                                 ║
    ║         libgbm1\                                     ║
    ║         libxkbcommon0                                ║
    ║                                                      ║
    ║ <3 Playwright Team                                   ║
    ╚══════════════════════════════════════════════════════╝

    Retry #1 ───────────────────────────────────────────────────────────────────────────────────────

    Error: browserType.launch: 
    ╔══════════════════════════════════════════════════════╗
    ║ Host system is missing dependencies to run browsers. ║
    ║ Please install them with the following command:      ║
    ║                                                      ║
    ║     sudo pnpm exec playwright install-deps           ║
    ║                                                      ║
    ║ Alternatively, use apt:                              ║
    ║     sudo apt-get install libatk1.0-0\                ║
    ║         libatk-bridge2.0-0\                          ║
    ║         libatspi2.0-0\                               ║
    ║         libxdamage1\                                 ║
    ║         libgbm1\                                     ║
    ║         libxkbcommon0                                ║
    ║                                                      ║
    ║ <3 Playwright Team                                   ║
    ╚══════════════════════════════════════════════════════╝

    attachment #1: trace (application/zip) ─────────────────────────────────────────────────────────
    ../../test-results/performance-Performance-Te-88dba-page-within-acceptable-time-chromium-retry1/trace.zip
    Usage:

        pnpm exec playwright show-trace ../../test-results/performance-Performance-Te-88dba-page-within-acceptable-time-chromium-retry1/trace.zip

    ────────────────────────────────────────────────────────────────────────────────────────────────
]]>
</failure>
<system-out>
<![CDATA[
[[ATTACHMENT|performance-Performance-Te-88dba-page-within-acceptable-time-chromium-retry1/trace.zip]]
]]>
</system-out>
</testcase>
<testcase name="Performance Tests › should handle multiple concurrent users" classname="performance.spec.ts" time="0.006">
<failure message="performance.spec.ts:44:3 should handle multiple concurrent users" type="FAILURE">
<![CDATA[  [chromium] › performance.spec.ts:44:3 › Performance Tests › should handle multiple concurrent users 

    Error: browserType.launch: 
    ╔══════════════════════════════════════════════════════╗
    ║ Host system is missing dependencies to run browsers. ║
    ║ Please install them with the following command:      ║
    ║                                                      ║
    ║     sudo pnpm exec playwright install-deps           ║
    ║                                                      ║
    ║ Alternatively, use apt:                              ║
    ║     sudo apt-get install libatk1.0-0\                ║
    ║         libatk-bridge2.0-0\                          ║
    ║         libatspi2.0-0\                               ║
    ║         libxdamage1\                                 ║
    ║         libgbm1\                                     ║
    ║         libxkbcommon0                                ║
    ║                                                      ║
    ║ <3 Playwright Team                                   ║
    ╚══════════════════════════════════════════════════════╝

    Retry #1 ───────────────────────────────────────────────────────────────────────────────────────

    Error: browserType.launch: 
    ╔══════════════════════════════════════════════════════╗
    ║ Host system is missing dependencies to run browsers. ║
    ║ Please install them with the following command:      ║
    ║                                                      ║
    ║     sudo pnpm exec playwright install-deps           ║
    ║                                                      ║
    ║ Alternatively, use apt:                              ║
    ║     sudo apt-get install libatk1.0-0\                ║
    ║         libatk-bridge2.0-0\                          ║
    ║         libatspi2.0-0\                               ║
    ║         libxdamage1\                                 ║
    ║         libgbm1\                                     ║
    ║         libxkbcommon0                                ║
    ║                                                      ║
    ║ <3 Playwright Team                                   ║
    ╚══════════════════════════════════════════════════════╝

    attachment #1: trace (application/zip) ─────────────────────────────────────────────────────────
    ../../test-results/performance-Performance-Te-5c219-e-multiple-concurrent-users-chromium-retry1/trace.zip
    Usage:

        pnpm exec playwright show-trace ../../test-results/performance-Performance-Te-5c219-e-multiple-concurrent-users-chromium-retry1/trace.zip

    ────────────────────────────────────────────────────────────────────────────────────────────────
]]>
</failure>
<system-out>
<![CDATA[
[[ATTACHMENT|performance-Performance-Te-5c219-e-multiple-concurrent-users-chromium-retry1/trace.zip]]
]]>
</system-out>
</testcase>
<testcase name="Performance Tests › should maintain responsive performance under load" classname="performance.spec.ts" time="0.005">
<failure message="performance.spec.ts:86:3 should maintain responsive performance under load" type="FAILURE">
<![CDATA[  [chromium] › performance.spec.ts:86:3 › Performance Tests › should maintain responsive performance under load 

    Error: browserType.launch: 
    ╔══════════════════════════════════════════════════════╗
    ║ Host system is missing dependencies to run browsers. ║
    ║ Please install them with the following command:      ║
    ║                                                      ║
    ║     sudo pnpm exec playwright install-deps           ║
    ║                                                      ║
    ║ Alternatively, use apt:                              ║
    ║     sudo apt-get install libatk1.0-0\                ║
    ║         libatk-bridge2.0-0\                          ║
    ║         libatspi2.0-0\                               ║
    ║         libxdamage1\                                 ║
    ║         libgbm1\                                     ║
    ║         libxkbcommon0                                ║
[...]
    Usage:

        pnpm exec playwright show-trace ../../test-results/api-API-Integration-Tests--c4752-dle-streaming-chat-response-api-retry1/trace.zip

    ────────────────────────────────────────────────────────────────────────────────────────────────
]]>
</failure>
<system-out>
<![CDATA[
[[ATTACHMENT|api-API-Integration-Tests--c4752-dle-streaming-chat-response-api-retry1/trace.zip]]
]]>
</system-out>
</testcase>
<testcase name="API Integration Tests › should validate request schemas" classname="api.spec.ts" time="0.132">
<failure message="api.spec.ts:144:3 should validate request schemas" type="FAILURE">
<![CDATA[  [api] › api.spec.ts:144:3 › API Integration Tests › should validate request schemas ──────────────

    Error: expect(received).toBe(expected) // Object.is equality

    Expected: 422
    Received: 401

      166 |     });
      167 |
    > 168 |     expect(invalidResponse.status()).toBe(422); // Validation error
          |                                      ^
      169 |   });
      170 |
      171 |   test('should handle rate limiting', async ({ request }) => {
        at /home/jazielflo/Proyects/copilotos-bridge/tests/e2e/api.spec.ts:168:38

    Retry #1 ───────────────────────────────────────────────────────────────────────────────────────

    Error: expect(received).toBe(expected) // Object.is equality

    Expected: 422
    Received: 401

      166 |     });
      167 |
    > 168 |     expect(invalidResponse.status()).toBe(422); // Validation error
          |                                      ^
      169 |   });
      170 |
      171 |   test('should handle rate limiting', async ({ request }) => {
        at /home/jazielflo/Proyects/copilotos-bridge/tests/e2e/api.spec.ts:168:38

    attachment #1: trace (application/zip) ─────────────────────────────────────────────────────────
    ../../test-results/api-API-Integration-Tests-should-validate-request-schemas-api-retry1/trace.zip
    Usage:

        pnpm exec playwright show-trace ../../test-results/api-API-Integration-Tests-should-validate-request-schemas-api-retry1/trace.zip

    ────────────────────────────────────────────────────────────────────────────────────────────────
]]>
</failure>
<system-out>
<![CDATA[
[[ATTACHMENT|api-API-Integration-Tests-should-validate-request-schemas-api-retry1/trace.zip]]
]]>
</system-out>
</testcase>
<testcase name="API Integration Tests › should handle rate limiting" classname="api.spec.ts" time="0.185">
<failure message="api.spec.ts:171:3 should handle rate limiting" type="FAILURE">
<![CDATA[  [api] › api.spec.ts:171:3 › API Integration Tests › should handle rate limiting ──────────────────

    Error: expect(received).toBeGreaterThan(expected)

    Expected: > 0
    Received:   0

      209 |
      210 |     // Should have some rate limited responses
    > 211 |     expect(rateLimitedResponses.length).toBeGreaterThan(0);
          |                                         ^
      212 |   });
      213 | });
        at /home/jazielflo/Proyects/copilotos-bridge/tests/e2e/api.spec.ts:211:41

    Retry #1 ───────────────────────────────────────────────────────────────────────────────────────

    Error: expect(received).toBeGreaterThan(expected)

    Expected: > 0
    Received:   0

      209 |
      210 |     // Should have some rate limited responses
    > 211 |     expect(rateLimitedResponses.length).toBeGreaterThan(0);
          |                                         ^
      212 |   });
      213 | });
        at /home/jazielflo/Proyects/copilotos-bridge/tests/e2e/api.spec.ts:211:41

    attachment #1: trace (application/zip) ─────────────────────────────────────────────────────────
    ../../test-results/api-API-Integration-Tests-should-handle-rate-limiting-api-retry1/trace.zip
    Usage:

        pnpm exec playwright show-trace ../../test-results/api-API-Integration-Tests-should-handle-rate-limiting-api-retry1/trace.zip

    ────────────────────────────────────────────────────────────────────────────────────────────────
]]>
</failure>
<system-out>
<![CDATA[
[[ATTACHMENT|api-API-Integration-Tests-should-handle-rate-limiting-api-retry1/trace.zip]]
]]>
</system-out>
</testcase>
</testsuite>
<testsuite name="performance.spec.ts" timestamp="2025-09-25T18:38:26.520Z" hostname="performance" tests="5" failures="5" skipped="0" time="0.03" errors="0">
<testcase name="Performance Tests › should load homepage within acceptable time" classname="performance.spec.ts" time="0.006">
<failure message="performance.spec.ts:4:3 should load homepage within acceptable time" type="FAILURE">
<![CDATA[  [performance] › performance.spec.ts:4:3 › Performance Tests › should load homepage within acceptable time 

    Error: browserType.launch: 
    ╔══════════════════════════════════════════════════════╗
    ║ Host system is missing dependencies to run browsers. ║
    ║ Please install them with the following command:      ║
    ║                                                      ║
    ║     sudo pnpm exec playwright install-deps           ║
    ║                                                      ║
    ║ Alternatively, use apt:                              ║
    ║     sudo apt-get install libatk1.0-0\                ║
    ║         libatk-bridge2.0-0\                          ║
    ║         libatspi2.0-0\                               ║
    ║         libxdamage1\                                 ║
    ║         libgbm1\                                     ║
    ║         libxkbcommon0                                ║
    ║                                                      ║
    ║ <3 Playwright Team                                   ║
    ╚══════════════════════════════════════════════════════╝

    Retry #1 ───────────────────────────────────────────────────────────────────────────────────────

    Error: browserType.launch: 
    ╔══════════════════════════════════════════════════════╗
    ║ Host system is missing dependencies to run browsers. ║
    ║ Please install them with the following command:      ║
    ║                                                      ║
    ║     sudo pnpm exec playwright install-deps           ║
    ║                                                      ║
    ║ Alternatively, use apt:                              ║
    ║     sudo apt-get install libatk1.0-0\                ║
    ║         libatk-bridge2.0-0\                          ║
    ║         libatspi2.0-0\                               ║
    ║         libxdamage1\                                 ║
    ║         libgbm1\                                     ║
    ║         libxkbcommon0                                ║
    ║                                                      ║
    ║ <3 Playwright Team                                   ║
    ╚══════════════════════════════════════════════════════╝

    attachment #1: trace (application/zip) ─────────────────────────────────────────────────────────
    ../../test-results/performance-Performance-Te-88dba-page-within-acceptable-time-performance-retry1/trace.zip
    Usage:

        pnpm exec playwright show-trace ../../test-results/performance-Performance-Te-88dba-page-within-acceptable-time-performance-retry1/trace.zip

    ────────────────────────────────────────────────────────────────────────────────────────────────
]]>
</failure>
<system-out>
<![CDATA[
[[ATTACHMENT|performance-Performance-Te-88dba-page-within-acceptable-time-performance-retry1/trace.zip]]
]]>
</system-out>
</testcase>
<testcase name="Performance Tests › should handle multiple concurrent users" classname="performance.spec.ts" time="0.005">
<failure message="performance.spec.ts:44:3 should handle multiple concurrent users" type="FAILURE">
<![CDATA[  [performance] › performance.spec.ts:44:3 › Performance Tests › should handle multiple concurrent users 

    Error: browserType.launch: 
    ╔══════════════════════════════════════════════════════╗
    ║ Host system is missing dependencies to run browsers. ║
    ║ Please install them with the following command:      ║
    ║                                                      ║
    ║     sudo pnpm exec playwright install-deps           ║
    ║                                                      ║
    ║ Alternatively, use apt:                              ║
    ║     sudo apt-get install libatk1.0-0\                ║
    ║         libatk-bridge2.0-0\                          ║
    ║         libatspi2.0-0\                               ║
    ║         libxdamage1\                                 ║
    ║         libgbm1\                                     ║
    ║         libxkbcommon0                                ║
    ║                                                      ║
    ║ <3 Playwright Team                                   ║
    ╚══════════════════════════════════════════════════════╝

    Retry #1 ───────────────────────────────────────────────────────────────────────────────────────

    Error: browserType.launch: 
    ╔══════════════════════════════════════════════════════╗
    ║ Host system is missing dependencies to run browsers. ║
    ║ Please install them with the following command:      ║
    ║                                                      ║
    ║     sudo pnpm exec playwright install-deps           ║
    ║                                                      ║
    ║ Alternatively, use apt:                              ║
    ║     sudo apt-get install libatk1.0-0\                ║
    ║         libatk-bridge2.0-0\                          ║
    ║         libatspi2.0-0\                               ║
    ║         libxdamage1\                                 ║
    ║         libgbm1\                                     ║
    ║         libxkbcommon0                                ║
    ║                                                      ║
    ║ <3 Playwright Team                                   ║
    ╚══════════════════════════════════════════════════════╝

    attachment #1: trace (application/zip) ─────────────────────────────────────────────────────────
    ../../test-results/performance-Performance-Te-5c219-e-multiple-concurrent-users-performance-retry1/trace.zip
    Usage:

        pnpm exec playwright show-trace ../../test-results/performance-Performance-Te-5c219-e-multiple-concurrent-users-performance-retry1/trace.zip

    ────────────────────────────────────────────────────────────────────────────────────────────────
]]>
</failure>
<system-out>
<![CDATA[
[[ATTACHMENT|performance-Performance-Te-5c219-e-multiple-concurrent-users-performance-retry1/trace.zip]]
]]>
</system-out>
</testcase>
<testcase name="Performance Tests › should maintain responsive performance under load" classname="performance.spec.ts" time="0.006">
<failure message="performance.spec.ts:86:3 should maintain responsive performance under load" type="FAILURE">
<![CDATA[  [performance] › performance.spec.ts:86:3 › Performance Tests › should maintain responsive performance under load 

    Error: browserType.launch: 
    ╔══════════════════════════════════════════════════════╗
    ║ Host system is missing dependencies to run browsers. ║
    ║ Please install them with the following command:      ║
    ║                                                      ║
    ║     sudo pnpm exec playwright install-deps           ║
    ║                                                      ║
    ║ Alternatively, use apt:                              ║
    ║     sudo apt-get install libatk1.0-0\                ║
    ║         libatk-bridge2.0-0\                          ║
    ║         libatspi2.0-0\                               ║
    ║         libxdamage1\                                 ║
    ║         libgbm1\                                     ║
    ║         libxkbcommon0                                ║
    ║                                                      ║
    ║ <3 Playwright Team                                   ║
    ╚══════════════════════════════════════════════════════╝

    Retry #1 ───────────────────────────────────────────────────────────────────────────────────────

    Error: browserType.launch: 
    ╔══════════════════════════════════════════════════════╗
    ║ Host system is missing dependencies to run browsers. ║
    ║ Please install them with the following command:      ║
    ║                                                      ║
    ║     sudo pnpm exec playwright install-deps           ║
    ║                                                      ║
    ║ Alternatively, use apt:                              ║
    ║     sudo apt-get install libatk1.0-0\                ║
    ║         libatk-bridge2.0-0\                          ║
    ║         libatspi2.0-0\                               ║
    ║         libxdamage1\                                 ║
    ║         libgbm1\                                     ║
    ║         libxkbcommon0                                ║
    ║                                                      ║
    ║ <3 Playwright Team                                   ║
    ╚══════════════════════════════════════════════════════╝

    attachment #1: trace (application/zip) ─────────────────────────────────────────────────────────
    ../../test-results/performance-Performance-Te-cc557-sive-performance-under-load-performance-retry1/trace.zip
    Usage:

        pnpm exec playwright show-trace ../../test-results/performance-Performance-Te-cc557-sive-performance-under-load-performance-retry1/trace.zip

    ────────────────────────────────────────────────────────────────────────────────────────────────
]]>
</failure>
<system-out>
<![CDATA[
[[ATTACHMENT|performance-Performance-Te-cc557-sive-performance-under-load-performance-retry1/trace.zip]]
]]>
</system-out>
</testcase>
<testcase name="Performance Tests › should handle large chat history efficiently" classname="performance.spec.ts" time="0.007">
<failure message="performance.spec.ts:119:3 should handle large chat history efficiently" type="FAILURE">
<![CDATA[  [performance] › performance.spec.ts:119:3 › Performance Tests › should handle large chat history efficiently 

    Error: browserType.launch: 
    ╔══════════════════════════════════════════════════════╗
    ║ Host system is missing dependencies to run browsers. ║
    ║ Please install them with the following command:      ║
    ║                                                      ║
    ║     sudo pnpm exec playwright install-deps           ║
    ║                                                      ║
    ║ Alternatively, use apt:                              ║
    ║     sudo apt-get install libatk1.0-0\                ║
    ║         libatk-bridge2.0-0\                          ║
    ║         libatspi2.0-0\                               ║
    ║         libxdamage1\                                 ║
    ║         libgbm1\                                     ║
    ║         libxkbcommon0                                ║
    ║                                                      ║
    ║ <3 Playwright Team                                   ║
    ╚══════════════════════════════════════════════════════╝

    Retry #1 ───────────────────────────────────────────────────────────────────────────────────────

    Error: browserType.launch: 
    ╔══════════════════════════════════════════════════════╗
    ║ Host system is missing dependencies to run browsers. ║
    ║ Please install them with the following command:      ║
    ║                                                      ║
    ║     sudo pnpm exec playwright install-deps           ║
    ║                                                      ║
    ║ Alternatively, use apt:                              ║
    ║     sudo apt-get install libatk1.0-0\                ║
    ║         libatk-bridge2.0-0\                          ║
    ║         libatspi2.0-0\                               ║
    ║         libxdamage1\                                 ║
    ║         libgbm1\                                     ║
    ║         libxkbcommon0                                ║
    ║                                                      ║
    ║ <3 Playwright Team                                   ║
    ╚══════════════════════════════════════════════════════╝

    attachment #1: trace (application/zip) ─────────────────────────────────────────────────────────
    ../../test-results/performance-Performance-Te-6542b-ge-chat-history-efficiently-performance-retry1/trace.zip
    Usage:

        pnpm exec playwright show-trace ../../test-results/performance-Performance-Te-6542b-ge-chat-history-efficiently-performance-retry1/trace.zip

    ────────────────────────────────────────────────────────────────────────────────────────────────
]]>
</failure>
<system-out>
<![CDATA[
[[ATTACHMENT|performance-Performance-Te-6542b-ge-chat-history-efficiently-performance-retry1/trace.zip]]
]]>
</system-out>
</testcase>
<testcase name="Performance Tests › should maintain performance on mobile devices" classname="performance.spec.ts" time="0.006">
<failure message="performance.spec.ts:162:3 should maintain performance on mobile devices" type="FAILURE">
<![CDATA[  [performance] › performance.spec.ts:162:3 › Performance Tests › should maintain performance on mobile devices 

    Error: browserType.launch: 
    ╔══════════════════════════════════════════════════════╗
    ║ Host system is missing dependencies to run browsers. ║
    ║ Please install them with the following command:      ║
    ║                                                      ║
    ║     sudo pnpm exec playwright install-deps           ║
    ║                                                      ║
    ║ Alternatively, use apt:                              ║
    ║     sudo apt-get install libatk1.0-0\                ║
    ║         libatk-bridge2.0-0\                          ║
    ║         libatspi2.0-0\                               ║
    ║         libxdamage1\                                 ║
    ║         libgbm1\                                     ║
    ║         libxkbcommon0                                ║
    ║                                                      ║
    ║ <3 Playwright Team                                   ║
    ╚══════════════════════════════════════════════════════╝

    Retry #1 ───────────────────────────────────────────────────────────────────────────────────────

    Error: browserType.launch: 
    ╔══════════════════════════════════════════════════════╗
    ║ Host system is missing dependencies to run browsers. ║
    ║ Please install them with the following command:      ║
    ║                                                      ║
    ║     sudo pnpm exec playwright install-deps           ║
    ║                                                      ║
    ║ Alternatively, use apt:                              ║
    ║     sudo apt-get install libatk1.0-0\                ║
    ║         libatk-bridge2.0-0\                          ║
    ║         libatspi2.0-0\                               ║
    ║         libxdamage1\                                 ║
    ║         libgbm1\                                     ║
    ║         libxkbcommon0                                ║
    ║                                                      ║
    ║ <3 Playwright Team                                   ║
    ╚══════════════════════════════════════════════════════╝

    attachment #1: trace (application/zip) ─────────────────────────────────────────────────────────
    ../../test-results/performance-Performance-Te-80bfc-rformance-on-mobile-devices-performance-retry1/trace.zip
    Usage:

        pnpm exec playwright show-trace ../../test-results/performance-Performance-Te-80bfc-rformance-on-mobile-devices-performance-retry1/trace.zip

    ────────────────────────────────────────────────────────────────────────────────────────────────
]]>
</failure>
<system-out>
<![CDATA[
[[ATTACHMENT|performance-Performance-Te-80bfc-rformance-on-mobile-devices-performance-retry1/trace.zip]]
]]>
</system-out>
</testcase>
</testsuite>
</testsuites>